<?xml version="1.0" encoding="UTF-8"?>
<!-- Generated by org.testng.reporters.JUnitXMLReporter -->
<testsuite ignored="0" hostname="XVMXDODCDEV503" failures="1" tests="2" name="Test" time="5.023" errors="0" timestamp="2021-07-06T16:49:28 GMT+05:30">
  <testcase classname="restAssuredTests.Test_LoginWithTN" name="verifyLoginWithTN" time="3.939">
    <failure type="java.lang.AssertionError" message="expected [true] but found [false]">
      <![CDATA[java.lang.AssertionError: expected [true] but found [false]
at restAssuredTests.Test_LoginWithTN.verifyLoginWithTN(Test_LoginWithTN.java:43)
at java.base/java.util.ArrayList.forEach(ArrayList.java:1511)
... Removed 31 stack frames]]>
    </failure>
  </testcase> <!-- verifyLoginWithTN -->
  <testcase classname="restAssuredTests.Test_InitialPageOfPollDslam" name="verifyFrontPage" time="0.0">
    <skipped/>
  </testcase> <!-- verifyFrontPage -->
</testsuite> <!-- Test -->
