<?xml version="1.0" encoding="UTF-8"?>
<!-- Generated by org.testng.reporters.JUnitXMLReporter -->
<testsuite ignored="0" hostname="XVMXDODCDEV503" failures="2" tests="3" name="Test" time="19.047" errors="0" timestamp="2021-07-07T22:20:30 GMT+05:30">
  <testcase classname="restAssuredTests.Test_LoginHomePage" name="verifyLoginWithTN" time="8.111"/>
  <testcase classname="restAssuredTests.Test_InitialPageOfPollDslam" name="verifyFrontPage" time="3.618">
    <failure type="java.lang.AssertionError" message="expected [true] but found [false]">
      <![CDATA[java.lang.AssertionError: expected [true] but found [false]
at restAssuredTests.Test_InitialPageOfPollDslam.verifyFrontPage(Test_InitialPageOfPollDslam.java:72)
at java.base/java.util.ArrayList.forEach(ArrayList.java:1511)
... Removed 31 stack frames]]>
    </failure>
  </testcase> <!-- verifyFrontPage -->
  <testcase classname="restAssuredTests.Test_Actuals" name="verifyActualsDetails" time="7.255">
    <failure type="java.lang.AssertionError" message="expected [true] but found [false]">
      <![CDATA[java.lang.AssertionError: expected [true] but found [false]
at restAssuredTests.Test_Actuals.verifyActualsDetails(Test_Actuals.java:35)
at java.base/java.util.ArrayList.forEach(ArrayList.java:1511)
... Removed 31 stack frames]]>
    </failure>
  </testcase> <!-- verifyActualsDetails -->
</testsuite> <!-- Test -->
